Microsoft HTML Help Compiler 4.74.8702

Compiling d:\Tria\Projekte\TriaZeit-Projekt\Object\TriaZeit.chm

html\Hlp0100.htm
html\Hlp0500.htm
html\Hlp0300.htm
html\Hlp0400.htm
html\Hlp0600.htm
html\Hlp0700.htm
html\Hlp0800.htm
TriaZeit.hhc
TriaZeit.hhk
html\img\trzshot.gif
html\img\triazeit1.gif
html\img\abgl1.gif
html\img\abgl2.gif
html\img\abgl3.gif
html\img\abgl4.gif
html\img\bild_auf.gif
html\img\bild_ab.gif
html\img\triazeit2.gif
html\img\triazeit3.gif
html\img\triazeit4.gif
html\img\opt1.gif
html\img\opt2.gif
html\img\opt3.gif
html\img\opt4.gif
html\img\opt5.gif
html\TriaHilfe.css

Compile time: 0 minutes, 1 second
9	Topics
16	Local links
1	Internet link
16	Graphics


Created d:\Tria\Projekte\TriaZeit-Projekt\Object\TriaZeit.chm, 419,429 bytes
Compression decreased file by 2,742 bytes.
